Using pre-set license
Built from '2022.1/staging' branch; Version is '2022.1.9f1 (07e076b6d414) revision 516214'; Using compiler version '192829333'; Build Type 'Release'
OS: 'Windows 11  (10.0.22000) 64bit Core' Language: 'en' Physical Memory: 16233 MB
BatchMode: 1, IsHumanControllingUs: 0, StartBugReporterOnCrash: 0, Is64bit: 1, IsPro: 1

COMMAND LINE ARGUMENTS:
C:\Program Files\Unity\Hub\Editor\2022.1.9f1\Editor\Unity.exe
-adb2
-batchMode
-noUpm
-name
AssetImportWorker2
-projectPath
C:/Users/migue/OneDrive - Ensino Lusófona/facul/3º Ano/Estagio/Bento-AgrandPastTale/Bento
-logFile
Logs/AssetImportWorker2.log
-srvPort
58250
Successfully changed project path to: C:/Users/migue/OneDrive - Ensino Lusófona/facul/3º Ano/Estagio/Bento-AgrandPastTale/Bento
C:/Users/migue/OneDrive - Ensino Lusófona/facul/3º Ano/Estagio/Bento-AgrandPastTale/Bento
[UnityMemory] Configuration Parameters - Can be set up in boot.config
    "memorysetup-bucket-allocator-granularity=16"
    "memorysetup-bucket-allocator-bucket-count=8"
    "memorysetup-bucket-allocator-block-size=33554432"
    "memorysetup-bucket-allocator-block-count=8"
    "memorysetup-main-allocator-block-size=16777216"
    "memorysetup-thread-allocator-block-size=16777216"
    "memorysetup-gfx-main-allocator-block-size=16777216"
    "memorysetup-gfx-thread-allocator-block-size=16777216"
    "memorysetup-cache-allocator-block-size=4194304"
    "memorysetup-typetree-allocator-block-size=2097152"
    "memorysetup-profiler-bucket-allocator-granularity=16"
    "memorysetup-profiler-bucket-allocator-bucket-count=8"
    "memorysetup-profiler-bucket-allocator-block-size=33554432"
    "memorysetup-profiler-bucket-allocator-block-count=8"
    "memorysetup-profiler-allocator-block-size=16777216"
    "memorysetup-profiler-editor-allocator-block-size=1048576"
    "memorysetup-temp-allocator-size-main=16777216"
    "memorysetup-job-temp-allocator-block-size=2097152"
    "memorysetup-job-temp-allocator-block-size-background=1048576"
    "memorysetup-job-temp-allocator-reduction-small-platforms=262144"
    "memorysetup-temp-allocator-size-background-worker=32768"
    "memorysetup-temp-allocator-size-job-worker=262144"
    "memorysetup-temp-allocator-size-preload-manager=33554432"
    "memorysetup-temp-allocator-size-nav-mesh-worker=65536"
    "memorysetup-temp-allocator-size-audio-worker=65536"
    "memorysetup-temp-allocator-size-cloud-worker=32768"
    "memorysetup-temp-allocator-size-gi-baking-worker=262144"
    "memorysetup-temp-allocator-size-gfx=262144"
Refreshing native plugins compatible for Editor in 175.41 ms, found 3 plugins.
Preloading 0 native plugins for Editor in 0.00 ms.
Initialize engine version: 2022.1.9f1 (07e076b6d414)
[Subsystems] Discovering subsystems at path C:/Program Files/Unity/Hub/Editor/2022.1.9f1/Editor/Data/Resources/UnitySubsystems
[Subsystems] Discovering subsystems at path C:/Users/migue/OneDrive - Ensino Lusófona/facul/3º Ano/Estagio/Bento-AgrandPastTale/Bento/Assets
GfxDevice: creating device client; threaded=0; jobified=0
Direct3D:
    Version:  Direct3D 11.0 [level 11.1]
    Renderer: NVIDIA GeForce RTX 2070 with Max-Q Design (ID=0x1f10)
    Vendor:   NVIDIA
    VRAM:     8031 MB
    Driver:   31.0.15.1694
Initialize mono
Mono path[0] = 'C:/Program Files/Unity/Hub/Editor/2022.1.9f1/Editor/Data/Managed'
Mono path[1] = 'C:/Program Files/Unity/Hub/Editor/2022.1.9f1/Editor/Data/MonoBleedingEdge/lib/mono/unityjit-win32'
Mono config path = 'C:/Program Files/Unity/Hub/Editor/2022.1.9f1/Editor/Data/MonoBleedingEdge/etc'
Using monoOptions --debugger-agent=transport=dt_socket,embedding=1,server=y,suspend=n,address=127.0.0.1:56308
Begin MonoManager ReloadAssembly
Registering precompiled unity dll's ...
Register platform support module: C:/Program Files/Unity/Hub/Editor/2022.1.9f1/Editor/Data/PlaybackEngines/WindowsStandaloneSupport/UnityEditor.WindowsStandalone.Extensions.dll
Registered in 0.011176 seconds.
Native extension for WindowsStandalone target not found
Refreshing native plugins compatible for Editor in 140.10 ms, found 3 plugins.
Preloading 0 native plugins for Editor in 0.00 ms.
Mono: successfully reloaded assembly
- Completed reload, in  1.529 seconds
Domain Reload Profiling:
	ReloadAssembly (1531ms)
		BeginReloadAssembly (160ms)
			ExecutionOrderSort (0ms)
			DisableScriptedObjects (0ms)
			BackupInstance (0ms)
			ReleaseScriptingObjects (0ms)
			CreateAndSetChildDomain (1ms)
		EndReloadAssembly (1103ms)
			LoadAssemblies (158ms)
			RebuildTransferFunctionScriptingTraits (0ms)
			SetupTypeCache (243ms)
				TypeCache.Initialize (242ms)
					TypeCache.ScanAssembly (240ms)
				ResolveRequiredComponents (1ms)
			ReleaseScriptCaches (0ms)
			RebuildScriptCaches (57ms)
			SetupLoadedEditorAssemblies (699ms)
				LogAssemblyErrors (0ms)
				InitializePlatformSupportModulesInManaged (13ms)
				SetLoadedEditorAssemblies (12ms)
				RefreshPlugins (140ms)
				BeforeProcessingInitializeOnLoad (2ms)
				ProcessInitializeOnLoadAttributes (416ms)
				ProcessInitializeOnLoadMethodAttributes (116ms)
				AfterProcessingInitializeOnLoad (0ms)
				EditorAssembliesLoaded (0ms)
			ExecutionOrderSort2 (0ms)
			AwakeInstancesAfterBackupRestoration (0ms)
Platform modules already initialized, skipping
Registering precompiled user dll's ...
Registered in 0.017539 seconds.
Begin MonoManager ReloadAssembly
Symbol file LoadedFromMemory doesn't match image C:\Users\migue\OneDrive - Ensino Lusófona\facul\3º Ano\Estagio\Bento-AgrandPastTale\Bento\Library\PackageCache\com.unity.visualscripting@1.7.8\Editor\VisualScripting.Core\Dependencies\YamlDotNet\Unity.VisualScripting.YamlDotNet.dll
Symbol file LoadedFromMemory doesn't match image C:\Users\migue\OneDrive - Ensino Lusófona\facul\3º Ano\Estagio\Bento-AgrandPastTale\Bento\Library\PackageCache\com.unity.visualscripting@1.7.8\Editor\VisualScripting.Core\Dependencies\DotNetZip\Unity.VisualScripting.IonicZip.dll
Native extension for WindowsStandalone target not found
Refreshing native plugins compatible for Editor in 0.93 ms, found 3 plugins.
Preloading 0 native plugins for Editor in 0.00 ms.
Mono: successfully reloaded assembly
- Completed reload, in  2.122 seconds
Domain Reload Profiling:
	ReloadAssembly (2124ms)
		BeginReloadAssembly (203ms)
			ExecutionOrderSort (0ms)
			DisableScriptedObjects (11ms)
			BackupInstance (0ms)
			ReleaseScriptingObjects (0ms)
			CreateAndSetChildDomain (32ms)
		EndReloadAssembly (1724ms)
			LoadAssemblies (148ms)
			RebuildTransferFunctionScriptingTraits (0ms)
			SetupTypeCache (577ms)
				TypeCache.Initialize (549ms)
					TypeCache.ScanAssembly (541ms)
				ResolveRequiredComponents (28ms)
			ReleaseScriptCaches (2ms)
			RebuildScriptCaches (147ms)
			SetupLoadedEditorAssemblies (716ms)
				LogAssemblyErrors (0ms)
				InitializePlatformSupportModulesInManaged (7ms)
				SetLoadedEditorAssemblies (10ms)
				RefreshPlugins (1ms)
				BeforeProcessingInitializeOnLoad (133ms)
				ProcessInitializeOnLoadAttributes (502ms)
				ProcessInitializeOnLoadMethodAttributes (51ms)
				AfterProcessingInitializeOnLoad (10ms)
				EditorAssembliesLoaded (0ms)
			ExecutionOrderSort2 (0ms)
			AwakeInstancesAfterBackupRestoration (14ms)
Platform modules already initialized, skipping
========================================================================
Worker process is ready to serve import requests
Launched and connected shader compiler UnityShaderCompiler.exe after 0.07 seconds
Refreshing native plugins compatible for Editor in 0.69 ms, found 3 plugins.
Preloading 0 native plugins for Editor in 0.00 ms.
Unloading 3426 Unused Serialized files (Serialized files now loaded: 0)
Unloading 26 unused Assets / (57.8 KB). Loaded Objects now: 3887.
Memory consumption went from 0.51 GB to 0.51 GB.
Total: 9.835500 ms (FindLiveObjects: 0.866400 ms CreateObjectMapping: 0.506100 ms MarkObjects: 8.173600 ms  DeleteObjects: 0.286400 ms)

AssetImportParameters requested are different than current active one (requested -> active):
  custom:video-decoder-ogg-theora: a1e56fd34408186e4bbccfd4996cb3dc -> 
  custom:container-muxer-webm: aa71ff27fc2769a1b78a27578f13a17b -> 
  custom:container-demuxer-webm: 4f35f7cbe854078d1ac9338744f61a02 -> 
  custom:video-encoder-webm-vp8: eb34c28f22e8b96e1ab97ce403110664 -> 
  custom:video-codec-MediaFoundation-h265: 746d11721c4dcdbdad8f713fa42b33f4 -> 
  custom:audio-encoder-webm-vorbis: bf7c407c2cedff20999df2af8eb42d56 -> 
  custom:framework-win-MediaFoundation: 216162199b28c13a410421893ffa2e32 -> 
  custom:container-demuxer-ogg: 62fdf1f143b41e24485cea50d1cbac27 -> 
  custom:video-decoder-webm-vp8: 9c59270c3fd7afecdb556c50c9e8de78 -> 
  custom:audio-decoder-ogg-vorbis: bf7c407c2cedff20999df2af8eb42d56 -> 
========================================================================
Received Import Request.
  Time since last request: 392040.018680 seconds.
  path: Assets/MeshandTextures/big assets/bookcase/boockcase low_lambert1_MaskMap.png
  artifactKey: Guid(aac241b1ad09b0a4a8472aa5bfd9aa80) Importer(815301076,1909f56bfc062723c751e8b465ee728b)
Start importing Assets/MeshandTextures/big assets/bookcase/boockcase low_lambert1_MaskMap.png using Guid(aac241b1ad09b0a4a8472aa5bfd9aa80) Importer(815301076,1909f56bfc062723c751e8b465ee728b)  -> (artifact id: '7f4c8b3a1a70f5dbb3f51ce26554020f') in 0.265022 seconds 
========================================================================
Received Import Request.
  Time since last request: 0.000034 seconds.
  path: Assets/MeshandTextures/big assets/bookcase/boockcase low_lambert1_BaseMap.png
  artifactKey: Guid(3fdc169ac6c13944d96978675a6d23a5) Importer(815301076,1909f56bfc062723c751e8b465ee728b)
Start importing Assets/MeshandTextures/big assets/bookcase/boockcase low_lambert1_BaseMap.png using Guid(3fdc169ac6c13944d96978675a6d23a5) Importer(815301076,1909f56bfc062723c751e8b465ee728b)  -> (artifact id: '6f623530365f16e60dc61c662bb09111') in 0.033167 seconds 
========================================================================
Received Import Request.
  Time since last request: 29.538029 seconds.
  path: Assets/MeshandTextures/big assets/bookcase/bookcase.fbx
  artifactKey: Guid(eaed9eb4d60861f469de1f940caaf5c4) Importer(815301076,1909f56bfc062723c751e8b465ee728b)
Start importing Assets/MeshandTextures/big assets/bookcase/bookcase.fbx using Guid(eaed9eb4d60861f469de1f940caaf5c4) Importer(815301076,1909f56bfc062723c751e8b465ee728b)  -> (artifact id: '0b49e48d86e8fa422dfec961949ce11b') in 0.199807 seconds 
========================================================================
Received Import Request.
  Time since last request: 1.178782 seconds.
  path: Assets/MeshandTextures/big assets/bookcase/boockcase low_lambert1_Normal.png
  artifactKey: Guid(2dc19df9382c9e44e94f6ea064e1934a) Importer(815301076,1909f56bfc062723c751e8b465ee728b)
Start importing Assets/MeshandTextures/big assets/bookcase/boockcase low_lambert1_Normal.png using Guid(2dc19df9382c9e44e94f6ea064e1934a) Importer(815301076,1909f56bfc062723c751e8b465ee728b)  -> (artifact id: '323d5546a7bc4a1066b13543f57d5625') in 0.031751 seconds 
========================================================================
Received Import Request.
  Time since last request: 0.000115 seconds.
  path: Assets/MeshandTextures/big assets/bookcase/lambert1.mat
  artifactKey: Guid(dd4532c43548a1546b0a294635910508) Importer(815301076,1909f56bfc062723c751e8b465ee728b)
Start importing Assets/MeshandTextures/big assets/bookcase/lambert1.mat using Guid(dd4532c43548a1546b0a294635910508) Importer(815301076,1909f56bfc062723c751e8b465ee728b)  -> (artifact id: '87b01a25d414005d0c652de647d018c0') in 0.077240 seconds 
========================================================================
Received Import Request.
  Time since last request: 70.099474 seconds.
  path: Assets/MeshandTextures/big assets/bancada/bancada.fbx
  artifactKey: Guid(fd30a23f17c182e4f9ca50e74ec6b309) Importer(815301076,1909f56bfc062723c751e8b465ee728b)
Start importing Assets/MeshandTextures/big assets/bancada/bancada.fbx using Guid(fd30a23f17c182e4f9ca50e74ec6b309) Importer(815301076,1909f56bfc062723c751e8b465ee728b)  -> (artifact id: '58239497ebb99b0d7e2e7712854c1f14') in 0.048631 seconds 
========================================================================
Received Import Request.
  Time since last request: 7.429176 seconds.
  path: Assets/MeshandTextures/big assets/bancada/bancada low_lambert1_AO.png
  artifactKey: Guid(d3db2c7a5f2838a4d960227416582410) Importer(815301076,1909f56bfc062723c751e8b465ee728b)
Start importing Assets/MeshandTextures/big assets/bancada/bancada low_lambert1_AO.png using Guid(d3db2c7a5f2838a4d960227416582410) Importer(815301076,1909f56bfc062723c751e8b465ee728b)  -> (artifact id: '85edc33c4985f0a5060813fd0ab7ccf3') in 0.027788 seconds 
========================================================================
Received Import Request.
  Time since last request: 0.000092 seconds.
  path: Assets/MeshandTextures/big assets/bancada/bancada low_lambert2_Emissive.png
  artifactKey: Guid(b27aeb4c216e31840a332f7f72bd3189) Importer(815301076,1909f56bfc062723c751e8b465ee728b)
Start importing Assets/MeshandTextures/big assets/bancada/bancada low_lambert2_Emissive.png using Guid(b27aeb4c216e31840a332f7f72bd3189) Importer(815301076,1909f56bfc062723c751e8b465ee728b)  -> (artifact id: 'b5881cc96da736e3d670b9301bde2550') in 0.037169 seconds 
========================================================================
Received Import Request.
  Time since last request: 0.000057 seconds.
  path: Assets/MeshandTextures/big assets/bancada/bancada low_lambert2_MaskMap.png
  artifactKey: Guid(58a3876808648a2449981b71ed6a2a9b) Importer(815301076,1909f56bfc062723c751e8b465ee728b)
Start importing Assets/MeshandTextures/big assets/bancada/bancada low_lambert2_MaskMap.png using Guid(58a3876808648a2449981b71ed6a2a9b) Importer(815301076,1909f56bfc062723c751e8b465ee728b)  -> (artifact id: '209f7fa31160d1a380fc33a267e96f34') in 0.047277 seconds 
========================================================================
Received Import Request.
  Time since last request: 0.000026 seconds.
  path: Assets/MeshandTextures/big assets/bancada/bancada low_lambert2_AO.png
  artifactKey: Guid(fe5c36ec0372fbb4a9c7f6827dd3b546) Importer(815301076,1909f56bfc062723c751e8b465ee728b)
Start importing Assets/MeshandTextures/big assets/bancada/bancada low_lambert2_AO.png using Guid(fe5c36ec0372fbb4a9c7f6827dd3b546) Importer(815301076,1909f56bfc062723c751e8b465ee728b)  -> (artifact id: 'eb604c81a02962135e5215b8e368ff32') in 0.033803 seconds 
========================================================================
Received Import Request.
  Time since last request: 0.000032 seconds.
  path: Assets/MeshandTextures/big assets/bancada/bancada low_lambert1_Emissive.png
  artifactKey: Guid(99a18f47fa84d1c4693c2752a4322226) Importer(815301076,1909f56bfc062723c751e8b465ee728b)
Start importing Assets/MeshandTextures/big assets/bancada/bancada low_lambert1_Emissive.png using Guid(99a18f47fa84d1c4693c2752a4322226) Importer(815301076,1909f56bfc062723c751e8b465ee728b)  -> (artifact id: '29a6bb1b0b36bad8f386b1c2d34f29ae') in 0.045226 seconds 
Editor requested this worker to shutdown with reason: Scaling down because of idle timeout
AssetImportWorker is now disconnected from the server
Process exiting
Exiting without the bug reporter. Application will terminate with return code 0