Using pre-set license
Built from '2022.1/staging' branch; Version is '2022.1.9f1 (07e076b6d414) revision 516214'; Using compiler version '192829333'; Build Type 'Release'
OS: 'Windows 11  (10.0.22000) 64bit Core' Language: 'en' Physical Memory: 16233 MB
BatchMode: 1, IsHumanControllingUs: 0, StartBugReporterOnCrash: 0, Is64bit: 1, IsPro: 1

COMMAND LINE ARGUMENTS:
C:\Program Files\Unity\Hub\Editor\2022.1.9f1\Editor\Unity.exe
-adb2
-batchMode
-noUpm
-name
AssetImportWorker9
-projectPath
C:/Users/migue/OneDrive - Ensino Lusófona/facul/3º Ano/Estagio/Bento-AgrandPastTale/Bento
-logFile
Logs/AssetImportWorker9.log
-srvPort
58250
Successfully changed project path to: C:/Users/migue/OneDrive - Ensino Lusófona/facul/3º Ano/Estagio/Bento-AgrandPastTale/Bento
C:/Users/migue/OneDrive - Ensino Lusófona/facul/3º Ano/Estagio/Bento-AgrandPastTale/Bento
[UnityMemory] Configuration Parameters - Can be set up in boot.config
    "memorysetup-bucket-allocator-granularity=16"
    "memorysetup-bucket-allocator-bucket-count=8"
    "memorysetup-bucket-allocator-block-size=33554432"
    "memorysetup-bucket-allocator-block-count=8"
    "memorysetup-main-allocator-block-size=16777216"
    "memorysetup-thread-allocator-block-size=16777216"
    "memorysetup-gfx-main-allocator-block-size=16777216"
    "memorysetup-gfx-thread-allocator-block-size=16777216"
    "memorysetup-cache-allocator-block-size=4194304"
    "memorysetup-typetree-allocator-block-size=2097152"
    "memorysetup-profiler-bucket-allocator-granularity=16"
    "memorysetup-profiler-bucket-allocator-bucket-count=8"
    "memorysetup-profiler-bucket-allocator-block-size=33554432"
    "memorysetup-profiler-bucket-allocator-block-count=8"
    "memorysetup-profiler-allocator-block-size=16777216"
    "memorysetup-profiler-editor-allocator-block-size=1048576"
    "memorysetup-temp-allocator-size-main=16777216"
    "memorysetup-job-temp-allocator-block-size=2097152"
    "memorysetup-job-temp-allocator-block-size-background=1048576"
    "memorysetup-job-temp-allocator-reduction-small-platforms=262144"
    "memorysetup-temp-allocator-size-background-worker=32768"
    "memorysetup-temp-allocator-size-job-worker=262144"
    "memorysetup-temp-allocator-size-preload-manager=33554432"
    "memorysetup-temp-allocator-size-nav-mesh-worker=65536"
    "memorysetup-temp-allocator-size-audio-worker=65536"
    "memorysetup-temp-allocator-size-cloud-worker=32768"
    "memorysetup-temp-allocator-size-gi-baking-worker=262144"
    "memorysetup-temp-allocator-size-gfx=262144"
Refreshing native plugins compatible for Editor in 121.16 ms, found 3 plugins.
Preloading 0 native plugins for Editor in 0.00 ms.
Initialize engine version: 2022.1.9f1 (07e076b6d414)
[Subsystems] Discovering subsystems at path C:/Program Files/Unity/Hub/Editor/2022.1.9f1/Editor/Data/Resources/UnitySubsystems
[Subsystems] Discovering subsystems at path C:/Users/migue/OneDrive - Ensino Lusófona/facul/3º Ano/Estagio/Bento-AgrandPastTale/Bento/Assets
GfxDevice: creating device client; threaded=0; jobified=0
Direct3D:
    Version:  Direct3D 11.0 [level 11.1]
    Renderer: NVIDIA GeForce RTX 2070 with Max-Q Design (ID=0x1f10)
    Vendor:   NVIDIA
    VRAM:     8031 MB
    Driver:   31.0.15.1694
Initialize mono
Mono path[0] = 'C:/Program Files/Unity/Hub/Editor/2022.1.9f1/Editor/Data/Managed'
Mono path[1] = 'C:/Program Files/Unity/Hub/Editor/2022.1.9f1/Editor/Data/MonoBleedingEdge/lib/mono/unityjit-win32'
Mono config path = 'C:/Program Files/Unity/Hub/Editor/2022.1.9f1/Editor/Data/MonoBleedingEdge/etc'
Using monoOptions --debugger-agent=transport=dt_socket,embedding=1,server=y,suspend=n,address=127.0.0.1:56852
Begin MonoManager ReloadAssembly
Registering precompiled unity dll's ...
Register platform support module: C:/Program Files/Unity/Hub/Editor/2022.1.9f1/Editor/Data/PlaybackEngines/WindowsStandaloneSupport/UnityEditor.WindowsStandalone.Extensions.dll
Registered in 0.010651 seconds.
Native extension for WindowsStandalone target not found
Refreshing native plugins compatible for Editor in 123.03 ms, found 3 plugins.
Preloading 0 native plugins for Editor in 0.00 ms.
Mono: successfully reloaded assembly
- Completed reload, in  1.232 seconds
Domain Reload Profiling:
	ReloadAssembly (1233ms)
		BeginReloadAssembly (188ms)
			ExecutionOrderSort (0ms)
			DisableScriptedObjects (0ms)
			BackupInstance (0ms)
			ReleaseScriptingObjects (0ms)
			CreateAndSetChildDomain (1ms)
		EndReloadAssembly (879ms)
			LoadAssemblies (185ms)
			RebuildTransferFunctionScriptingTraits (0ms)
			SetupTypeCache (153ms)
				TypeCache.Initialize (153ms)
					TypeCache.ScanAssembly (151ms)
				ResolveRequiredComponents (0ms)
			ReleaseScriptCaches (0ms)
			RebuildScriptCaches (50ms)
			SetupLoadedEditorAssemblies (609ms)
				LogAssemblyErrors (0ms)
				InitializePlatformSupportModulesInManaged (9ms)
				SetLoadedEditorAssemblies (13ms)
				RefreshPlugins (123ms)
				BeforeProcessingInitializeOnLoad (1ms)
				ProcessInitializeOnLoadAttributes (388ms)
				ProcessInitializeOnLoadMethodAttributes (75ms)
				AfterProcessingInitializeOnLoad (0ms)
				EditorAssembliesLoaded (0ms)
			ExecutionOrderSort2 (0ms)
			AwakeInstancesAfterBackupRestoration (0ms)
Platform modules already initialized, skipping
Registering precompiled user dll's ...
Registered in 0.010474 seconds.
Begin MonoManager ReloadAssembly
Symbol file LoadedFromMemory doesn't match image C:\Users\migue\OneDrive - Ensino Lusófona\facul\3º Ano\Estagio\Bento-AgrandPastTale\Bento\Library\PackageCache\com.unity.visualscripting@1.7.8\Editor\VisualScripting.Core\Dependencies\YamlDotNet\Unity.VisualScripting.YamlDotNet.dll
Symbol file LoadedFromMemory doesn't match image C:\Users\migue\OneDrive - Ensino Lusófona\facul\3º Ano\Estagio\Bento-AgrandPastTale\Bento\Library\PackageCache\com.unity.visualscripting@1.7.8\Editor\VisualScripting.Core\Dependencies\DotNetZip\Unity.VisualScripting.IonicZip.dll
Native extension for WindowsStandalone target not found
Refreshing native plugins compatible for Editor in 0.73 ms, found 3 plugins.
Preloading 0 native plugins for Editor in 0.00 ms.
Mono: successfully reloaded assembly
- Completed reload, in  1.935 seconds
Domain Reload Profiling:
	ReloadAssembly (1937ms)
		BeginReloadAssembly (269ms)
			ExecutionOrderSort (0ms)
			DisableScriptedObjects (8ms)
			BackupInstance (0ms)
			ReleaseScriptingObjects (0ms)
			CreateAndSetChildDomain (44ms)
		EndReloadAssembly (1465ms)
			LoadAssemblies (251ms)
			RebuildTransferFunctionScriptingTraits (0ms)
			SetupTypeCache (372ms)
				TypeCache.Initialize (352ms)
					TypeCache.ScanAssembly (346ms)
				ResolveRequiredComponents (20ms)
			ReleaseScriptCaches (1ms)
			RebuildScriptCaches (133ms)
			SetupLoadedEditorAssemblies (561ms)
				LogAssemblyErrors (0ms)
				InitializePlatformSupportModulesInManaged (7ms)
				SetLoadedEditorAssemblies (9ms)
				RefreshPlugins (1ms)
				BeforeProcessingInitializeOnLoad (111ms)
				ProcessInitializeOnLoadAttributes (368ms)
				ProcessInitializeOnLoadMethodAttributes (53ms)
				AfterProcessingInitializeOnLoad (11ms)
				EditorAssembliesLoaded (0ms)
			ExecutionOrderSort2 (0ms)
			AwakeInstancesAfterBackupRestoration (15ms)
Platform modules already initialized, skipping
========================================================================
Worker process is ready to serve import requests
Launched and connected shader compiler UnityShaderCompiler.exe after 0.09 seconds
Refreshing native plugins compatible for Editor in 0.95 ms, found 3 plugins.
Preloading 0 native plugins for Editor in 0.00 ms.
Unloading 3426 Unused Serialized files (Serialized files now loaded: 0)
Unloading 26 unused Assets / (57.8 KB). Loaded Objects now: 3887.
Memory consumption went from 0.51 GB to 0.51 GB.
Total: 4.821000 ms (FindLiveObjects: 0.304100 ms CreateObjectMapping: 0.263300 ms MarkObjects: 4.053700 ms  DeleteObjects: 0.197500 ms)

AssetImportParameters requested are different than current active one (requested -> active):
  custom:video-decoder-ogg-theora: a1e56fd34408186e4bbccfd4996cb3dc -> 
  custom:container-muxer-webm: aa71ff27fc2769a1b78a27578f13a17b -> 
  custom:container-demuxer-webm: 4f35f7cbe854078d1ac9338744f61a02 -> 
  custom:video-encoder-webm-vp8: eb34c28f22e8b96e1ab97ce403110664 -> 
  custom:video-codec-MediaFoundation-h265: 746d11721c4dcdbdad8f713fa42b33f4 -> 
  custom:audio-encoder-webm-vorbis: bf7c407c2cedff20999df2af8eb42d56 -> 
  custom:framework-win-MediaFoundation: 216162199b28c13a410421893ffa2e32 -> 
  custom:container-demuxer-ogg: 62fdf1f143b41e24485cea50d1cbac27 -> 
  custom:video-decoder-webm-vp8: 9c59270c3fd7afecdb556c50c9e8de78 -> 
  custom:audio-decoder-ogg-vorbis: bf7c407c2cedff20999df2af8eb42d56 -> 
========================================================================
Received Import Request.
  Time since last request: 394221.236153 seconds.
  path: Assets/MeshandTextures/big assets/bed/lambert1.mat
  artifactKey: Guid(c96eab0bbf332234fad9ec31cd92e43e) Importer(815301076,1909f56bfc062723c751e8b465ee728b)
Start importing Assets/MeshandTextures/big assets/bed/lambert1.mat using Guid(c96eab0bbf332234fad9ec31cd92e43e) Importer(815301076,1909f56bfc062723c751e8b465ee728b)  -> (artifact id: '04fa4ab6a40822ae638503ea63d524aa') in 0.271201 seconds 
========================================================================
Received Import Request.
  Time since last request: 1.045429 seconds.
  path: Assets/MeshandTextures/big assets/bed/bed low_lambert1_Normal.png
  artifactKey: Guid(951e8e53941870c45a9d5226ecff6e61) Importer(815301076,1909f56bfc062723c751e8b465ee728b)
Start importing Assets/MeshandTextures/big assets/bed/bed low_lambert1_Normal.png using Guid(951e8e53941870c45a9d5226ecff6e61) Importer(815301076,1909f56bfc062723c751e8b465ee728b)  -> (artifact id: '48c9941d99fc71d9e15872d5ac7e8b90') in 0.088188 seconds 
========================================================================
Received Import Request.
  Time since last request: 0.000023 seconds.
  path: Assets/MeshandTextures/big assets/bed/lambert1.mat
  artifactKey: Guid(c96eab0bbf332234fad9ec31cd92e43e) Importer(815301076,1909f56bfc062723c751e8b465ee728b)
Start importing Assets/MeshandTextures/big assets/bed/lambert1.mat using Guid(c96eab0bbf332234fad9ec31cd92e43e) Importer(815301076,1909f56bfc062723c751e8b465ee728b)  -> (artifact id: '8ca0b58f97fd8206d15f623affb3bcd9') in 0.032313 seconds 
========================================================================
Received Import Request.
  Time since last request: 125.121084 seconds.
  path: Assets/MeshandTextures/big assets/tools/pitch/pitchfork low_metal_BaseMap.png
  artifactKey: Guid(be4e54a4575c4cd46b478307a2cce359) Importer(815301076,1909f56bfc062723c751e8b465ee728b)
Start importing Assets/MeshandTextures/big assets/tools/pitch/pitchfork low_metal_BaseMap.png using Guid(be4e54a4575c4cd46b478307a2cce359) Importer(815301076,1909f56bfc062723c751e8b465ee728b)  -> (artifact id: 'eb6cea9239a2b03b0b8ef34be4836fc8') in 0.031712 seconds 
========================================================================
Received Import Request.
  Time since last request: 0.000024 seconds.
  path: Assets/MeshandTextures/big assets/tools/pitch/pitchfork low_rings_BaseMap.png
  artifactKey: Guid(65f215e70992aeb4aab2e0affb6bbd9e) Importer(815301076,1909f56bfc062723c751e8b465ee728b)
Start importing Assets/MeshandTextures/big assets/tools/pitch/pitchfork low_rings_BaseMap.png using Guid(65f215e70992aeb4aab2e0affb6bbd9e) Importer(815301076,1909f56bfc062723c751e8b465ee728b)  -> (artifact id: 'e376fea303efc9e0196d0b63c69263d9') in 0.042048 seconds 
========================================================================
Received Import Request.
  Time since last request: 0.000058 seconds.
  path: Assets/MeshandTextures/big assets/tools/pitch/pitchfork low_metal_MaskMap.png
  artifactKey: Guid(924f84bb8be0cca49b285a98557e1682) Importer(815301076,1909f56bfc062723c751e8b465ee728b)
Start importing Assets/MeshandTextures/big assets/tools/pitch/pitchfork low_metal_MaskMap.png using Guid(924f84bb8be0cca49b285a98557e1682) Importer(815301076,1909f56bfc062723c751e8b465ee728b)  -> (artifact id: 'effc83ebe6d477324cf814b0a1819aed') in 0.046643 seconds 
========================================================================
Received Import Request.
  Time since last request: 0.000035 seconds.
  path: Assets/MeshandTextures/big assets/tools/pitch/pitchfork low_rings_Emissive.png
  artifactKey: Guid(d92e9e77652d53447aa2585a4eb208d3) Importer(815301076,1909f56bfc062723c751e8b465ee728b)
Start importing Assets/MeshandTextures/big assets/tools/pitch/pitchfork low_rings_Emissive.png using Guid(d92e9e77652d53447aa2585a4eb208d3) Importer(815301076,1909f56bfc062723c751e8b465ee728b)  -> (artifact id: '463152585f64d9b71162febd2f5a9779') in 0.034079 seconds 
========================================================================
Received Import Request.
  Time since last request: 0.000050 seconds.
  path: Assets/MeshandTextures/big assets/tools/pitch/pitchfork low_rings_Normal.png
  artifactKey: Guid(679dfc62b2949e045be3c21c3f51f223) Importer(815301076,1909f56bfc062723c751e8b465ee728b)
Start importing Assets/MeshandTextures/big assets/tools/pitch/pitchfork low_rings_Normal.png using Guid(679dfc62b2949e045be3c21c3f51f223) Importer(815301076,1909f56bfc062723c751e8b465ee728b)  -> (artifact id: '91f3874f214b117e7c02ec107353e624') in 0.041125 seconds 
========================================================================
Received Import Request.
  Time since last request: 33.346359 seconds.
  path: Assets/MeshandTextures/big assets/tools/pitch/rings.mat
  artifactKey: Guid(427512021787a114fa434d0f9b37be5b) Importer(815301076,1909f56bfc062723c751e8b465ee728b)
Start importing Assets/MeshandTextures/big assets/tools/pitch/rings.mat using Guid(427512021787a114fa434d0f9b37be5b) Importer(815301076,1909f56bfc062723c751e8b465ee728b)  -> (artifact id: '6d11b027665492acd6b3ae439d0811db') in 0.036436 seconds 
========================================================================
Received Import Request.
  Time since last request: 1.224017 seconds.
  path: Assets/MeshandTextures/big assets/tools/pitch/pitchfork low_metal_Normal.png
  artifactKey: Guid(ce50992f4d614f844847e98c29af6489) Importer(815301076,1909f56bfc062723c751e8b465ee728b)
Start importing Assets/MeshandTextures/big assets/tools/pitch/pitchfork low_metal_Normal.png using Guid(ce50992f4d614f844847e98c29af6489) Importer(815301076,1909f56bfc062723c751e8b465ee728b)  -> (artifact id: '65c070ef4f65fcfb4373a5898b05b543') in 0.046794 seconds 
========================================================================
Received Import Request.
  Time since last request: 0.000041 seconds.
  path: Assets/MeshandTextures/big assets/tools/pitch/rings.mat
  artifactKey: Guid(427512021787a114fa434d0f9b37be5b) Importer(815301076,1909f56bfc062723c751e8b465ee728b)
Start importing Assets/MeshandTextures/big assets/tools/pitch/rings.mat using Guid(427512021787a114fa434d0f9b37be5b) Importer(815301076,1909f56bfc062723c751e8b465ee728b)  -> (artifact id: '5d862a5ef1d0548ab0bee25237943d2b') in 0.059229 seconds 
========================================================================
Received Import Request.
  Time since last request: 63.326534 seconds.
  path: Assets/MeshandTextures/big assets/table work/table work low_lambert1_BaseMap.png
  artifactKey: Guid(97cc0af70c189c844aeef2681d8556f0) Importer(815301076,1909f56bfc062723c751e8b465ee728b)
Start importing Assets/MeshandTextures/big assets/table work/table work low_lambert1_BaseMap.png using Guid(97cc0af70c189c844aeef2681d8556f0) Importer(815301076,1909f56bfc062723c751e8b465ee728b)  -> (artifact id: 'ef0f34a1947779718e915d5bc632d55a') in 0.028534 seconds 
========================================================================
Received Import Request.
  Time since last request: 0.000077 seconds.
  path: Assets/MeshandTextures/big assets/table work/table work low_lambert1_Emissive.png
  artifactKey: Guid(052c2d43494bf72438d7cb23b55ca3ed) Importer(815301076,1909f56bfc062723c751e8b465ee728b)
Start importing Assets/MeshandTextures/big assets/table work/table work low_lambert1_Emissive.png using Guid(052c2d43494bf72438d7cb23b55ca3ed) Importer(815301076,1909f56bfc062723c751e8b465ee728b)  -> (artifact id: '1111707936aa7b898c6c14bba25e13b8') in 0.044942 seconds 
========================================================================
Received Import Request.
  Time since last request: 0.015891 seconds.
  path: Assets/MeshandTextures/big assets/table work/table work low_lambert1_MaskMap.png
  artifactKey: Guid(051099f90b7d1c34392e562f255fa7c0) Importer(815301076,1909f56bfc062723c751e8b465ee728b)
Start importing Assets/MeshandTextures/big assets/table work/table work low_lambert1_MaskMap.png using Guid(051099f90b7d1c34392e562f255fa7c0) Importer(815301076,1909f56bfc062723c751e8b465ee728b)  -> (artifact id: '79ad320ed8f408d64ff2f8de1a50af5e') in 0.045742 seconds 
========================================================================
Received Import Request.
  Time since last request: 0.000189 seconds.
  path: Assets/MeshandTextures/big assets/table work/table work low_lambert2_AO.png
  artifactKey: Guid(3443e002c2515894695e2c64f10c4682) Importer(815301076,1909f56bfc062723c751e8b465ee728b)
Start importing Assets/MeshandTextures/big assets/table work/table work low_lambert2_AO.png using Guid(3443e002c2515894695e2c64f10c4682) Importer(815301076,1909f56bfc062723c751e8b465ee728b)  -> (artifact id: '1813eb527343bb3d826381f9be9005d8') in 0.036257 seconds 
========================================================================
Received Import Request.
  Time since last request: 0.000050 seconds.
  path: Assets/MeshandTextures/big assets/table work/table work low_lambert2_MaskMap.png
  artifactKey: Guid(6e5ca7cbe2826ac4fb62fad2e63ade43) Importer(815301076,1909f56bfc062723c751e8b465ee728b)
Start importing Assets/MeshandTextures/big assets/table work/table work low_lambert2_MaskMap.png using Guid(6e5ca7cbe2826ac4fb62fad2e63ade43) Importer(815301076,1909f56bfc062723c751e8b465ee728b)  -> (artifact id: '12c5ae5696ffe6055a16f129e272d6e3') in 0.046021 seconds 
========================================================================
Received Import Request.
  Time since last request: 37.481404 seconds.
  path: Assets/MeshandTextures/big assets/table work/table work.fbx
  artifactKey: Guid(f4fc62af63b6b4846ba1abe05c7c9911) Importer(815301076,1909f56bfc062723c751e8b465ee728b)
Start importing Assets/MeshandTextures/big assets/table work/table work.fbx using Guid(f4fc62af63b6b4846ba1abe05c7c9911) Importer(815301076,1909f56bfc062723c751e8b465ee728b)  -> (artifact id: '7d0e6c0b16e3af94aeae3b674f2d7959') in 0.153037 seconds 
