Using pre-set license
Built from '2022.1/staging' branch; Version is '2022.1.9f1 (07e076b6d414) revision 516214'; Using compiler version '192829333'; Build Type 'Release'
OS: 'Windows 11  (10.0.22000) 64bit Core' Language: 'en' Physical Memory: 16233 MB
BatchMode: 1, IsHumanControllingUs: 0, StartBugReporterOnCrash: 0, Is64bit: 1, IsPro: 1

COMMAND LINE ARGUMENTS:
C:\Program Files\Unity\Hub\Editor\2022.1.9f1\Editor\Unity.exe
-adb2
-batchMode
-noUpm
-name
AssetImportWorker10
-projectPath
C:/Users/migue/OneDrive - Ensino Lusófona/facul/3º Ano/Estagio/Bento-AgrandPastTale/Bento
-logFile
Logs/AssetImportWorker10.log
-srvPort
58250
Successfully changed project path to: C:/Users/migue/OneDrive - Ensino Lusófona/facul/3º Ano/Estagio/Bento-AgrandPastTale/Bento
C:/Users/migue/OneDrive - Ensino Lusófona/facul/3º Ano/Estagio/Bento-AgrandPastTale/Bento
[UnityMemory] Configuration Parameters - Can be set up in boot.config
    "memorysetup-bucket-allocator-granularity=16"
    "memorysetup-bucket-allocator-bucket-count=8"
    "memorysetup-bucket-allocator-block-size=33554432"
    "memorysetup-bucket-allocator-block-count=8"
    "memorysetup-main-allocator-block-size=16777216"
    "memorysetup-thread-allocator-block-size=16777216"
    "memorysetup-gfx-main-allocator-block-size=16777216"
    "memorysetup-gfx-thread-allocator-block-size=16777216"
    "memorysetup-cache-allocator-block-size=4194304"
    "memorysetup-typetree-allocator-block-size=2097152"
    "memorysetup-profiler-bucket-allocator-granularity=16"
    "memorysetup-profiler-bucket-allocator-bucket-count=8"
    "memorysetup-profiler-bucket-allocator-block-size=33554432"
    "memorysetup-profiler-bucket-allocator-block-count=8"
    "memorysetup-profiler-allocator-block-size=16777216"
    "memorysetup-profiler-editor-allocator-block-size=1048576"
    "memorysetup-temp-allocator-size-main=16777216"
    "memorysetup-job-temp-allocator-block-size=2097152"
    "memorysetup-job-temp-allocator-block-size-background=1048576"
    "memorysetup-job-temp-allocator-reduction-small-platforms=262144"
    "memorysetup-temp-allocator-size-background-worker=32768"
    "memorysetup-temp-allocator-size-job-worker=262144"
    "memorysetup-temp-allocator-size-preload-manager=33554432"
    "memorysetup-temp-allocator-size-nav-mesh-worker=65536"
    "memorysetup-temp-allocator-size-audio-worker=65536"
    "memorysetup-temp-allocator-size-cloud-worker=32768"
    "memorysetup-temp-allocator-size-gi-baking-worker=262144"
    "memorysetup-temp-allocator-size-gfx=262144"
Refreshing native plugins compatible for Editor in 107.82 ms, found 3 plugins.
Preloading 0 native plugins for Editor in 0.00 ms.
Initialize engine version: 2022.1.9f1 (07e076b6d414)
[Subsystems] Discovering subsystems at path C:/Program Files/Unity/Hub/Editor/2022.1.9f1/Editor/Data/Resources/UnitySubsystems
[Subsystems] Discovering subsystems at path C:/Users/migue/OneDrive - Ensino Lusófona/facul/3º Ano/Estagio/Bento-AgrandPastTale/Bento/Assets
GfxDevice: creating device client; threaded=0; jobified=0
Direct3D:
    Version:  Direct3D 11.0 [level 11.1]
    Renderer: NVIDIA GeForce RTX 2070 with Max-Q Design (ID=0x1f10)
    Vendor:   NVIDIA
    VRAM:     8031 MB
    Driver:   31.0.15.1694
Initialize mono
Mono path[0] = 'C:/Program Files/Unity/Hub/Editor/2022.1.9f1/Editor/Data/Managed'
Mono path[1] = 'C:/Program Files/Unity/Hub/Editor/2022.1.9f1/Editor/Data/MonoBleedingEdge/lib/mono/unityjit-win32'
Mono config path = 'C:/Program Files/Unity/Hub/Editor/2022.1.9f1/Editor/Data/MonoBleedingEdge/etc'
Using monoOptions --debugger-agent=transport=dt_socket,embedding=1,server=y,suspend=n,address=127.0.0.1:56432
Begin MonoManager ReloadAssembly
Registering precompiled unity dll's ...
Register platform support module: C:/Program Files/Unity/Hub/Editor/2022.1.9f1/Editor/Data/PlaybackEngines/WindowsStandaloneSupport/UnityEditor.WindowsStandalone.Extensions.dll
Registered in 0.015887 seconds.
Native extension for WindowsStandalone target not found
Refreshing native plugins compatible for Editor in 101.37 ms, found 3 plugins.
Preloading 0 native plugins for Editor in 0.00 ms.
Mono: successfully reloaded assembly
- Completed reload, in  1.023 seconds
Domain Reload Profiling:
	ReloadAssembly (1023ms)
		BeginReloadAssembly (120ms)
			ExecutionOrderSort (0ms)
			DisableScriptedObjects (0ms)
			BackupInstance (0ms)
			ReleaseScriptingObjects (0ms)
			CreateAndSetChildDomain (1ms)
		EndReloadAssembly (627ms)
			LoadAssemblies (118ms)
			RebuildTransferFunctionScriptingTraits (0ms)
			SetupTypeCache (182ms)
				TypeCache.Initialize (181ms)
					TypeCache.ScanAssembly (179ms)
				ResolveRequiredComponents (1ms)
			ReleaseScriptCaches (0ms)
			RebuildScriptCaches (37ms)
			SetupLoadedEditorAssemblies (335ms)
				LogAssemblyErrors (0ms)
				InitializePlatformSupportModulesInManaged (10ms)
				SetLoadedEditorAssemblies (10ms)
				RefreshPlugins (102ms)
				BeforeProcessingInitializeOnLoad (2ms)
				ProcessInitializeOnLoadAttributes (157ms)
				ProcessInitializeOnLoadMethodAttributes (55ms)
				AfterProcessingInitializeOnLoad (0ms)
				EditorAssembliesLoaded (0ms)
			ExecutionOrderSort2 (0ms)
			AwakeInstancesAfterBackupRestoration (0ms)
Platform modules already initialized, skipping
Registering precompiled user dll's ...
Registered in 0.008573 seconds.
Begin MonoManager ReloadAssembly
Symbol file LoadedFromMemory doesn't match image C:\Users\migue\OneDrive - Ensino Lusófona\facul\3º Ano\Estagio\Bento-AgrandPastTale\Bento\Library\PackageCache\com.unity.visualscripting@1.7.8\Editor\VisualScripting.Core\Dependencies\YamlDotNet\Unity.VisualScripting.YamlDotNet.dll
Symbol file LoadedFromMemory doesn't match image C:\Users\migue\OneDrive - Ensino Lusófona\facul\3º Ano\Estagio\Bento-AgrandPastTale\Bento\Library\PackageCache\com.unity.visualscripting@1.7.8\Editor\VisualScripting.Core\Dependencies\DotNetZip\Unity.VisualScripting.IonicZip.dll
Native extension for WindowsStandalone target not found
Refreshing native plugins compatible for Editor in 0.64 ms, found 3 plugins.
Preloading 0 native plugins for Editor in 0.00 ms.
Mono: successfully reloaded assembly
- Completed reload, in  1.505 seconds
Domain Reload Profiling:
	ReloadAssembly (1506ms)
		BeginReloadAssembly (191ms)
			ExecutionOrderSort (0ms)
			DisableScriptedObjects (9ms)
			BackupInstance (0ms)
			ReleaseScriptingObjects (0ms)
			CreateAndSetChildDomain (33ms)
		EndReloadAssembly (1092ms)
			LoadAssemblies (150ms)
			RebuildTransferFunctionScriptingTraits (0ms)
			SetupTypeCache (421ms)
				TypeCache.Initialize (416ms)
					TypeCache.ScanAssembly (410ms)
				ResolveRequiredComponents (5ms)
			ReleaseScriptCaches (1ms)
			RebuildScriptCaches (57ms)
			SetupLoadedEditorAssemblies (434ms)
				LogAssemblyErrors (0ms)
				InitializePlatformSupportModulesInManaged (6ms)
				SetLoadedEditorAssemblies (7ms)
				RefreshPlugins (1ms)
				BeforeProcessingInitializeOnLoad (95ms)
				ProcessInitializeOnLoadAttributes (283ms)
				ProcessInitializeOnLoadMethodAttributes (35ms)
				AfterProcessingInitializeOnLoad (8ms)
				EditorAssembliesLoaded (0ms)
			ExecutionOrderSort2 (0ms)
			AwakeInstancesAfterBackupRestoration (9ms)
Platform modules already initialized, skipping
========================================================================
Worker process is ready to serve import requests
Launched and connected shader compiler UnityShaderCompiler.exe after 0.07 seconds
Refreshing native plugins compatible for Editor in 0.58 ms, found 3 plugins.
Preloading 0 native plugins for Editor in 0.00 ms.
Unloading 3426 Unused Serialized files (Serialized files now loaded: 0)
Unloading 26 unused Assets / (57.8 KB). Loaded Objects now: 3887.
Memory consumption went from 0.51 GB to 0.51 GB.
Total: 3.427400 ms (FindLiveObjects: 0.302400 ms CreateObjectMapping: 0.267900 ms MarkObjects: 2.774400 ms  DeleteObjects: 0.081900 ms)

AssetImportParameters requested are different than current active one (requested -> active):
  custom:video-decoder-ogg-theora: a1e56fd34408186e4bbccfd4996cb3dc -> 
  custom:container-muxer-webm: aa71ff27fc2769a1b78a27578f13a17b -> 
  custom:container-demuxer-webm: 4f35f7cbe854078d1ac9338744f61a02 -> 
  custom:video-encoder-webm-vp8: eb34c28f22e8b96e1ab97ce403110664 -> 
  custom:video-codec-MediaFoundation-h265: 746d11721c4dcdbdad8f713fa42b33f4 -> 
  custom:audio-encoder-webm-vorbis: bf7c407c2cedff20999df2af8eb42d56 -> 
  custom:framework-win-MediaFoundation: 216162199b28c13a410421893ffa2e32 -> 
  custom:container-demuxer-ogg: 62fdf1f143b41e24485cea50d1cbac27 -> 
  custom:video-decoder-webm-vp8: 9c59270c3fd7afecdb556c50c9e8de78 -> 
  custom:audio-decoder-ogg-vorbis: bf7c407c2cedff20999df2af8eb42d56 -> 
========================================================================
Received Import Request.
  Time since last request: 394381.451052 seconds.
  path: Assets/MeshandTextures/big assets/tools/pitch/pitchfork low.fbx
  artifactKey: Guid(820ef1fc1caa1814b9355451cfdc96d4) Importer(815301076,1909f56bfc062723c751e8b465ee728b)
Start importing Assets/MeshandTextures/big assets/tools/pitch/pitchfork low.fbx using Guid(820ef1fc1caa1814b9355451cfdc96d4) Importer(815301076,1909f56bfc062723c751e8b465ee728b)  -> (artifact id: 'a41830316e49280200a10ef46108b1cd') in 0.332788 seconds 
========================================================================
Received Import Request.
  Time since last request: 0.930566 seconds.
  path: Assets/MeshandTextures/big assets/tools/pitch/pitchfork low.fbx
  artifactKey: Guid(820ef1fc1caa1814b9355451cfdc96d4) Importer(815301076,1909f56bfc062723c751e8b465ee728b)
Start importing Assets/MeshandTextures/big assets/tools/pitch/pitchfork low.fbx using Guid(820ef1fc1caa1814b9355451cfdc96d4) Importer(815301076,1909f56bfc062723c751e8b465ee728b)  -> (artifact id: 'fe69b0b131a80d4706590e3262e2d059') in 0.107791 seconds 
========================================================================
Received Import Request.
  Time since last request: 63.338544 seconds.
  path: Assets/MeshandTextures/big assets/table work/table work low_lambert1_AO.png
  artifactKey: Guid(4165010b9fe295b49aa3279d9bae78fb) Importer(815301076,1909f56bfc062723c751e8b465ee728b)
Start importing Assets/MeshandTextures/big assets/table work/table work low_lambert1_AO.png using Guid(4165010b9fe295b49aa3279d9bae78fb) Importer(815301076,1909f56bfc062723c751e8b465ee728b)  -> (artifact id: '1abffe196e5643966f6d568e5a97db18') in 0.046071 seconds 
========================================================================
Received Import Request.
  Time since last request: 0.000061 seconds.
  path: Assets/MeshandTextures/big assets/table work/table work low_lambert2_Normal.png
  artifactKey: Guid(6567100b8ae7f924cba71647ce3c22bc) Importer(815301076,1909f56bfc062723c751e8b465ee728b)
Start importing Assets/MeshandTextures/big assets/table work/table work low_lambert2_Normal.png using Guid(6567100b8ae7f924cba71647ce3c22bc) Importer(815301076,1909f56bfc062723c751e8b465ee728b)  -> (artifact id: 'fd7ddf131a39e8a6e8500ef6e4876884') in 0.056259 seconds 
========================================================================
Received Import Request.
  Time since last request: 0.000221 seconds.
  path: Assets/MeshandTextures/big assets/table work/table work low_lambert1_Normal.png
  artifactKey: Guid(839506fdecd94a6488c4eacc288434c9) Importer(815301076,1909f56bfc062723c751e8b465ee728b)
Start importing Assets/MeshandTextures/big assets/table work/table work low_lambert1_Normal.png using Guid(839506fdecd94a6488c4eacc288434c9) Importer(815301076,1909f56bfc062723c751e8b465ee728b)  -> (artifact id: '90ae880b59b368c645cb793c8bdd2303') in 0.042597 seconds 
========================================================================
Received Import Request.
  Time since last request: 0.000055 seconds.
  path: Assets/MeshandTextures/big assets/table work/table work low_lambert2_Emissive.png
  artifactKey: Guid(94ef17be19f28bf4db597a3711081490) Importer(815301076,1909f56bfc062723c751e8b465ee728b)
Start importing Assets/MeshandTextures/big assets/table work/table work low_lambert2_Emissive.png using Guid(94ef17be19f28bf4db597a3711081490) Importer(815301076,1909f56bfc062723c751e8b465ee728b)  -> (artifact id: '4e91cfd23dfdc03e1c1419ae879fcea9') in 0.037480 seconds 
========================================================================
Received Import Request.
  Time since last request: 0.000054 seconds.
  path: Assets/MeshandTextures/big assets/table work/table work low_lambert2_BaseMap.png
  artifactKey: Guid(1f935dcb34c13a84ca83b668bccd759b) Importer(815301076,1909f56bfc062723c751e8b465ee728b)
Start importing Assets/MeshandTextures/big assets/table work/table work low_lambert2_BaseMap.png using Guid(1f935dcb34c13a84ca83b668bccd759b) Importer(815301076,1909f56bfc062723c751e8b465ee728b)  -> (artifact id: '6ce93c9319da26d97ad5a85b8dfeb434') in 0.040807 seconds 
========================================================================
Received Import Request.
  Time since last request: 37.473459 seconds.
  path: Assets/MeshandTextures/big assets/table work/lambert2.mat
  artifactKey: Guid(7a1c498b2b946ef449876ee61cda0574) Importer(815301076,1909f56bfc062723c751e8b465ee728b)
Start importing Assets/MeshandTextures/big assets/table work/lambert2.mat using Guid(7a1c498b2b946ef449876ee61cda0574) Importer(815301076,1909f56bfc062723c751e8b465ee728b)  -> (artifact id: '84810656535aced7f62bc42c8fd55459') in 0.102733 seconds 
Editor requested this worker to shutdown with reason: Scaling down because of idle timeout
AssetImportWorker is now disconnected from the server
Process exiting
Exiting without the bug reporter. Application will terminate with return code 0