Using pre-set license
Built from '2022.1/staging' branch; Version is '2022.1.9f1 (07e076b6d414) revision 516214'; Using compiler version '192829333'; Build Type 'Release'
OS: 'Windows 11  (10.0.22000) 64bit Professional' Language: 'en' Physical Memory: 32635 MB
BatchMode: 1, IsHumanControllingUs: 0, StartBugReporterOnCrash: 0, Is64bit: 1, IsPro: 1

COMMAND LINE ARGUMENTS:
C:\Program Files\Unity\Hub\Editor\2022.1.9f1\Editor\Unity.exe
-adb2
-batchMode
-noUpm
-name
AssetImportWorker2
-projectPath
C:/Users/Miguel/OneDrive - Ensino Lusófona/facul/3º Ano/Estagio/Bento-AgrandPastTale/Bento
-logFile
Logs/AssetImportWorker2.log
-srvPort
61284
Successfully changed project path to: C:/Users/Miguel/OneDrive - Ensino Lusófona/facul/3º Ano/Estagio/Bento-AgrandPastTale/Bento
C:/Users/Miguel/OneDrive - Ensino Lusófona/facul/3º Ano/Estagio/Bento-AgrandPastTale/Bento
[UnityMemory] Configuration Parameters - Can be set up in boot.config
    "memorysetup-bucket-allocator-granularity=16"
    "memorysetup-bucket-allocator-bucket-count=8"
    "memorysetup-bucket-allocator-block-size=33554432"
    "memorysetup-bucket-allocator-block-count=8"
    "memorysetup-main-allocator-block-size=16777216"
    "memorysetup-thread-allocator-block-size=16777216"
    "memorysetup-gfx-main-allocator-block-size=16777216"
    "memorysetup-gfx-thread-allocator-block-size=16777216"
    "memorysetup-cache-allocator-block-size=4194304"
    "memorysetup-typetree-allocator-block-size=2097152"
    "memorysetup-profiler-bucket-allocator-granularity=16"
    "memorysetup-profiler-bucket-allocator-bucket-count=8"
    "memorysetup-profiler-bucket-allocator-block-size=33554432"
    "memorysetup-profiler-bucket-allocator-block-count=8"
    "memorysetup-profiler-allocator-block-size=16777216"
    "memorysetup-profiler-editor-allocator-block-size=1048576"
    "memorysetup-temp-allocator-size-main=16777216"
    "memorysetup-job-temp-allocator-block-size=2097152"
    "memorysetup-job-temp-allocator-block-size-background=1048576"
    "memorysetup-job-temp-allocator-reduction-small-platforms=262144"
    "memorysetup-temp-allocator-size-background-worker=32768"
    "memorysetup-temp-allocator-size-job-worker=262144"
    "memorysetup-temp-allocator-size-preload-manager=33554432"
    "memorysetup-temp-allocator-size-nav-mesh-worker=65536"
    "memorysetup-temp-allocator-size-audio-worker=65536"
    "memorysetup-temp-allocator-size-cloud-worker=32768"
    "memorysetup-temp-allocator-size-gi-baking-worker=262144"
    "memorysetup-temp-allocator-size-gfx=262144"
Refreshing native plugins compatible for Editor in 214.41 ms, found 3 plugins.
Preloading 0 native plugins for Editor in 0.00 ms.
Initialize engine version: 2022.1.9f1 (07e076b6d414)
[Subsystems] Discovering subsystems at path C:/Program Files/Unity/Hub/Editor/2022.1.9f1/Editor/Data/Resources/UnitySubsystems
[Subsystems] Discovering subsystems at path C:/Users/Miguel/OneDrive - Ensino Lusófona/facul/3º Ano/Estagio/Bento-AgrandPastTale/Bento/Assets
GfxDevice: creating device client; threaded=0; jobified=0
Direct3D:
    Version:  Direct3D 11.0 [level 11.1]
    Renderer: NVIDIA GeForce RTX 3080 (ID=0x2206)
    Vendor:   NVIDIA
    VRAM:     10078 MB
    Driver:   31.0.15.1694
Initialize mono
Mono path[0] = 'C:/Program Files/Unity/Hub/Editor/2022.1.9f1/Editor/Data/Managed'
Mono path[1] = 'C:/Program Files/Unity/Hub/Editor/2022.1.9f1/Editor/Data/MonoBleedingEdge/lib/mono/unityjit-win32'
Mono config path = 'C:/Program Files/Unity/Hub/Editor/2022.1.9f1/Editor/Data/MonoBleedingEdge/etc'
Using monoOptions --debugger-agent=transport=dt_socket,embedding=1,server=y,suspend=n,address=127.0.0.1:56296
Begin MonoManager ReloadAssembly
Registering precompiled unity dll's ...
Register platform support module: C:/Program Files/Unity/Hub/Editor/2022.1.9f1/Editor/Data/PlaybackEngines/WindowsStandaloneSupport/UnityEditor.WindowsStandalone.Extensions.dll
Registered in 0.135085 seconds.
Native extension for WindowsStandalone target not found
Refreshing native plugins compatible for Editor in 80.31 ms, found 3 plugins.
Preloading 0 native plugins for Editor in 0.00 ms.
Mono: successfully reloaded assembly
- Completed reload, in  4.393 seconds
Domain Reload Profiling:
	ReloadAssembly (4393ms)
		BeginReloadAssembly (3671ms)
			ExecutionOrderSort (0ms)
			DisableScriptedObjects (0ms)
			BackupInstance (0ms)
			ReleaseScriptingObjects (0ms)
			CreateAndSetChildDomain (2ms)
		EndReloadAssembly (466ms)
			LoadAssemblies (3666ms)
			RebuildTransferFunctionScriptingTraits (1ms)
			SetupTypeCache (115ms)
				TypeCache.Initialize (114ms)
					TypeCache.ScanAssembly (112ms)
				ResolveRequiredComponents (1ms)
			ReleaseScriptCaches (0ms)
			RebuildScriptCaches (27ms)
			SetupLoadedEditorAssemblies (267ms)
				LogAssemblyErrors (0ms)
				InitializePlatformSupportModulesInManaged (7ms)
				SetLoadedEditorAssemblies (7ms)
				RefreshPlugins (80ms)
				BeforeProcessingInitializeOnLoad (1ms)
				ProcessInitializeOnLoadAttributes (125ms)
				ProcessInitializeOnLoadMethodAttributes (46ms)
				AfterProcessingInitializeOnLoad (0ms)
				EditorAssembliesLoaded (0ms)
			ExecutionOrderSort2 (0ms)
			AwakeInstancesAfterBackupRestoration (0ms)
Platform modules already initialized, skipping
Registering precompiled user dll's ...
Registered in 0.009716 seconds.
Begin MonoManager ReloadAssembly
Symbol file LoadedFromMemory doesn't match image C:\Users\Miguel\OneDrive - Ensino Lusófona\facul\3º Ano\Estagio\Bento-AgrandPastTale\Bento\Library\PackageCache\com.unity.visualscripting@1.7.8\Editor\VisualScripting.Core\Dependencies\YamlDotNet\Unity.VisualScripting.YamlDotNet.dll
Symbol file LoadedFromMemory doesn't match image C:\Users\Miguel\OneDrive - Ensino Lusófona\facul\3º Ano\Estagio\Bento-AgrandPastTale\Bento\Library\PackageCache\com.unity.visualscripting@1.7.8\Editor\VisualScripting.Core\Dependencies\DotNetZip\Unity.VisualScripting.IonicZip.dll
Native extension for WindowsStandalone target not found
Refreshing native plugins compatible for Editor in 0.94 ms, found 3 plugins.
Preloading 0 native plugins for Editor in 0.00 ms.
Mono: successfully reloaded assembly
- Completed reload, in  4.658 seconds
Domain Reload Profiling:
	ReloadAssembly (4658ms)
		BeginReloadAssembly (122ms)
			ExecutionOrderSort (0ms)
			DisableScriptedObjects (5ms)
			BackupInstance (0ms)
			ReleaseScriptingObjects (0ms)
			CreateAndSetChildDomain (23ms)
		EndReloadAssembly (4374ms)
			LoadAssemblies (2725ms)
			RebuildTransferFunctionScriptingTraits (0ms)
			SetupTypeCache (288ms)
				TypeCache.Initialize (283ms)
					TypeCache.ScanAssembly (278ms)
				ResolveRequiredComponents (5ms)
			ReleaseScriptCaches (1ms)
			RebuildScriptCaches (51ms)
			SetupLoadedEditorAssemblies (1268ms)
				LogAssemblyErrors (0ms)
				InitializePlatformSupportModulesInManaged (5ms)
				SetLoadedEditorAssemblies (6ms)
				RefreshPlugins (1ms)
				BeforeProcessingInitializeOnLoad (85ms)
				ProcessInitializeOnLoadAttributes (253ms)
				ProcessInitializeOnLoadMethodAttributes (910ms)
				AfterProcessingInitializeOnLoad (8ms)
				EditorAssembliesLoaded (0ms)
			ExecutionOrderSort2 (0ms)
			AwakeInstancesAfterBackupRestoration (6ms)
Platform modules already initialized, skipping
========================================================================
Worker process is ready to serve import requests
Launched and connected shader compiler UnityShaderCompiler.exe after 0.06 seconds
Refreshing native plugins compatible for Editor in 0.90 ms, found 3 plugins.
Preloading 0 native plugins for Editor in 0.00 ms.
Unloading 3426 Unused Serialized files (Serialized files now loaded: 0)
Unloading 26 unused Assets / (58.0 KB). Loaded Objects now: 3887.
Memory consumption went from 0.51 GB to 0.51 GB.
Total: 3.767300 ms (FindLiveObjects: 0.375700 ms CreateObjectMapping: 0.084200 ms MarkObjects: 3.223900 ms  DeleteObjects: 0.082900 ms)

AssetImportParameters requested are different than current active one (requested -> active):
  custom:video-decoder-ogg-theora: a1e56fd34408186e4bbccfd4996cb3dc -> 
  custom:container-muxer-webm: aa71ff27fc2769a1b78a27578f13a17b -> 
  custom:container-demuxer-webm: 4f35f7cbe854078d1ac9338744f61a02 -> 
  custom:video-encoder-webm-vp8: eb34c28f22e8b96e1ab97ce403110664 -> 
  custom:audio-encoder-webm-vorbis: bf7c407c2cedff20999df2af8eb42d56 -> 
  custom:framework-win-MediaFoundation: 216162199b28c13a410421893ffa2e32 -> 
  custom:container-demuxer-ogg: 62fdf1f143b41e24485cea50d1cbac27 -> 
  custom:video-decoder-webm-vp8: 9c59270c3fd7afecdb556c50c9e8de78 -> 
  custom:audio-decoder-ogg-vorbis: bf7c407c2cedff20999df2af8eb42d56 -> 
========================================================================
Received Import Request.
  Time since last request: 629173.884312 seconds.
  path: Assets/MeshandTextures/big assets/chest/chest low_hinge_Normal.png
  artifactKey: Guid(e32408367c8b430479e4c815e8bcefca) Importer(815301076,1909f56bfc062723c751e8b465ee728b)
Start importing Assets/MeshandTextures/big assets/chest/chest low_hinge_Normal.png using Guid(e32408367c8b430479e4c815e8bcefca) Importer(815301076,1909f56bfc062723c751e8b465ee728b)  -> (artifact id: 'f432933ece611af50e8c53b31fc9ef12') in 0.110598 seconds 
========================================================================
Received Import Request.
  Time since last request: 33.184559 seconds.
  path: Assets/MeshandTextures/big assets/chest/chest low_lambert1_Normal.png
  artifactKey: Guid(dc8c4a6b3fd7b414c98ff26b7ba26bd1) Importer(815301076,1909f56bfc062723c751e8b465ee728b)
Start importing Assets/MeshandTextures/big assets/chest/chest low_lambert1_Normal.png using Guid(dc8c4a6b3fd7b414c98ff26b7ba26bd1) Importer(815301076,1909f56bfc062723c751e8b465ee728b)  -> (artifact id: 'b741c526c7235341b36d0d1150b2519d') in 0.016915 seconds 
========================================================================
Received Import Request.
  Time since last request: 34.967848 seconds.
  path: Assets/MeshandTextures/big assets/chest/chest low_relevo_Normal.png
  artifactKey: Guid(82045e8cbc460264f85cf0d58c007eb5) Importer(815301076,1909f56bfc062723c751e8b465ee728b)
Start importing Assets/MeshandTextures/big assets/chest/chest low_relevo_Normal.png using Guid(82045e8cbc460264f85cf0d58c007eb5) Importer(815301076,1909f56bfc062723c751e8b465ee728b)  -> (artifact id: '1a4bf1cbcd58cbaa4f4a3ea66aa5e8cd') in 0.011843 seconds 
========================================================================
Received Import Request.
  Time since last request: 221.487005 seconds.
  path: Assets/MeshandTextures/big assets/bed/matress low.fbx
  artifactKey: Guid(b24405cc5c4ecb249919012393c741dd) Importer(815301076,1909f56bfc062723c751e8b465ee728b)
Start importing Assets/MeshandTextures/big assets/bed/matress low.fbx using Guid(b24405cc5c4ecb249919012393c741dd) Importer(815301076,1909f56bfc062723c751e8b465ee728b)  -> (artifact id: '6c9adbc31f71db94366f9c11b525468a') in 0.109696 seconds 
========================================================================
Received Import Request.
  Time since last request: 4.608058 seconds.
  path: Assets/MeshandTextures/big assets/bed/matress low.fbx
  artifactKey: Guid(b24405cc5c4ecb249919012393c741dd) Importer(815301076,1909f56bfc062723c751e8b465ee728b)
Start importing Assets/MeshandTextures/big assets/bed/matress low.fbx using Guid(b24405cc5c4ecb249919012393c741dd) Importer(815301076,1909f56bfc062723c751e8b465ee728b)  -> (artifact id: 'f11fe880095b86bb7f11135965f462cf') in 0.025438 seconds 
========================================================================
Received Import Request.
  Time since last request: 7.717225 seconds.
  path: Assets/MeshandTextures/big assets/bed/matress low_lambert1_AO.png
  artifactKey: Guid(1706da1cb509ebd40ba4e77e7c09805f) Importer(815301076,1909f56bfc062723c751e8b465ee728b)
Start importing Assets/MeshandTextures/big assets/bed/matress low_lambert1_AO.png using Guid(1706da1cb509ebd40ba4e77e7c09805f) Importer(815301076,1909f56bfc062723c751e8b465ee728b)  -> (artifact id: '018512f26933472bad0e511ad5fcbaa5') in 0.014612 seconds 
========================================================================
Received Import Request.
  Time since last request: 0.000030 seconds.
  path: Assets/MeshandTextures/big assets/bed/matress low_lambert1_Normal.png
  artifactKey: Guid(df32c3b0b70a8b845b7deedaedfcbe75) Importer(815301076,1909f56bfc062723c751e8b465ee728b)
Start importing Assets/MeshandTextures/big assets/bed/matress low_lambert1_Normal.png using Guid(df32c3b0b70a8b845b7deedaedfcbe75) Importer(815301076,1909f56bfc062723c751e8b465ee728b)  -> (artifact id: 'c381079f5158deb241cdba86411f3c10') in 0.014839 seconds 
========================================================================
Received Import Request.
  Time since last request: 0.000025 seconds.
  path: Assets/MeshandTextures/big assets/bed/matress low_lambert1_MaskMap.png
  artifactKey: Guid(3d497e5610bd9254a96efd35d2943a7d) Importer(815301076,1909f56bfc062723c751e8b465ee728b)
Start importing Assets/MeshandTextures/big assets/bed/matress low_lambert1_MaskMap.png using Guid(3d497e5610bd9254a96efd35d2943a7d) Importer(815301076,1909f56bfc062723c751e8b465ee728b)  -> (artifact id: '9b19220b488b6f62a986ab8e3c07e99e') in 0.014164 seconds 
========================================================================
Received Import Request.
  Time since last request: 65.309794 seconds.
  path: Assets/MeshandTextures/big assets/bed/matress low_lambert1_Normal.png
  artifactKey: Guid(df32c3b0b70a8b845b7deedaedfcbe75) Importer(815301076,1909f56bfc062723c751e8b465ee728b)
Start importing Assets/MeshandTextures/big assets/bed/matress low_lambert1_Normal.png using Guid(df32c3b0b70a8b845b7deedaedfcbe75) Importer(815301076,1909f56bfc062723c751e8b465ee728b)  -> (artifact id: '7436923a95dc99a8d289b63e897278b0') in 0.014979 seconds 
========================================================================
Received Import Request.
  Time since last request: 165.509343 seconds.
  path: Assets/MeshandTextures/big assets/bed/pillow low.fbx
  artifactKey: Guid(9b9de24442ad2e54f876b54d73472c9d) Importer(815301076,1909f56bfc062723c751e8b465ee728b)
Start importing Assets/MeshandTextures/big assets/bed/pillow low.fbx using Guid(9b9de24442ad2e54f876b54d73472c9d) Importer(815301076,1909f56bfc062723c751e8b465ee728b)  -> (artifact id: '6ef13ab29c47e8cca8b1787ff80f8ab1') in 0.020286 seconds 
========================================================================
Received Import Request.
  Time since last request: 5.405679 seconds.
  path: Assets/MeshandTextures/big assets/bed/pillow low.fbx
  artifactKey: Guid(9b9de24442ad2e54f876b54d73472c9d) Importer(815301076,1909f56bfc062723c751e8b465ee728b)
Start importing Assets/MeshandTextures/big assets/bed/pillow low.fbx using Guid(9b9de24442ad2e54f876b54d73472c9d) Importer(815301076,1909f56bfc062723c751e8b465ee728b)  -> (artifact id: '5e35c7837d5074f34dc2449873494483') in 0.024279 seconds 
========================================================================
Received Import Request.
  Time since last request: 3.920545 seconds.
  path: Assets/MeshandTextures/big assets/bed/pillow low_lambert1_AlbedoTransparency.png
  artifactKey: Guid(56a423c327d366747a22ec4cd9704df5) Importer(815301076,1909f56bfc062723c751e8b465ee728b)
Start importing Assets/MeshandTextures/big assets/bed/pillow low_lambert1_AlbedoTransparency.png using Guid(56a423c327d366747a22ec4cd9704df5) Importer(815301076,1909f56bfc062723c751e8b465ee728b)  -> (artifact id: 'eee7e10d2f21716853028c071bc3cea6') in 0.017493 seconds 
========================================================================
Received Import Request.
  Time since last request: 0.000026 seconds.
  path: Assets/MeshandTextures/big assets/bed/pillow low_lambert1_MetallicSmoothness.png
  artifactKey: Guid(4fbbdbb64817d1144b6975c79593076b) Importer(815301076,1909f56bfc062723c751e8b465ee728b)
Start importing Assets/MeshandTextures/big assets/bed/pillow low_lambert1_MetallicSmoothness.png using Guid(4fbbdbb64817d1144b6975c79593076b) Importer(815301076,1909f56bfc062723c751e8b465ee728b)  -> (artifact id: '41b9b5fd23133dad8065eb0b0f69884f') in 0.015810 seconds 
========================================================================
Received Import Request.
  Time since last request: 0.000021 seconds.
  path: Assets/MeshandTextures/big assets/bed/pillow low_lambert1_Emission.png
  artifactKey: Guid(5e4f6d1e7569f1b47ba6d0c05566e1a0) Importer(815301076,1909f56bfc062723c751e8b465ee728b)
Start importing Assets/MeshandTextures/big assets/bed/pillow low_lambert1_Emission.png using Guid(5e4f6d1e7569f1b47ba6d0c05566e1a0) Importer(815301076,1909f56bfc062723c751e8b465ee728b)  -> (artifact id: '04bb06985dc321b4de2638667beb310a') in 0.013908 seconds 
========================================================================
Received Import Request.
  Time since last request: 110.412658 seconds.
  path: Assets/MeshandTextures/big assets/bed/lambert1 2.mat
  artifactKey: Guid(f548894d039d8c943b30d12f9a34e7e5) Importer(815301076,1909f56bfc062723c751e8b465ee728b)
Start importing Assets/MeshandTextures/big assets/bed/lambert1 2.mat using Guid(f548894d039d8c943b30d12f9a34e7e5) Importer(815301076,1909f56bfc062723c751e8b465ee728b)  -> (artifact id: '0bdd01c7e2913fcf9de40053d7f46c02') in 0.023086 seconds 
========================================================================
Received Import Request.
  Time since last request: 0.000020 seconds.
  path: Assets/MeshandTextures/big assets/bed/matress low.fbx
  artifactKey: Guid(b24405cc5c4ecb249919012393c741dd) Importer(815301076,1909f56bfc062723c751e8b465ee728b)
Start importing Assets/MeshandTextures/big assets/bed/matress low.fbx using Guid(b24405cc5c4ecb249919012393c741dd) Importer(815301076,1909f56bfc062723c751e8b465ee728b)  -> (artifact id: 'a3e15d7efa92785a337fd40a13aeea3c') in 0.028397 seconds 
========================================================================
Received Import Request.
  Time since last request: 0.000018 seconds.
  path: Assets/MeshandTextures/big assets/bed/pillow low.fbx
  artifactKey: Guid(9b9de24442ad2e54f876b54d73472c9d) Importer(815301076,1909f56bfc062723c751e8b465ee728b)
Start importing Assets/MeshandTextures/big assets/bed/pillow low.fbx using Guid(9b9de24442ad2e54f876b54d73472c9d) Importer(815301076,1909f56bfc062723c751e8b465ee728b)  -> (artifact id: '54a6a76ad620f1b3467ea2449baad2df') in 0.030715 seconds 
========================================================================
Received Import Request.
  Time since last request: 1.499172 seconds.
  path: Assets/MeshandTextures/big assets/bed/pillow low.fbx
  artifactKey: Guid(9b9de24442ad2e54f876b54d73472c9d) Importer(815301076,1909f56bfc062723c751e8b465ee728b)
Start importing Assets/MeshandTextures/big assets/bed/pillow low.fbx using Guid(9b9de24442ad2e54f876b54d73472c9d) Importer(815301076,1909f56bfc062723c751e8b465ee728b)  -> (artifact id: '86f8e69aa70882f1ab6f87f92319bcf8') in 0.035831 seconds 
